<?xml version="1.0" encoding="UTF-8" ?>
<testsuite tests="12" failures="0" name="TestSuite" time="16.659" errors="0" skipped="0">
  <properties>
    <property name="java.runtime.name" value="Java(TM) SE Runtime Environment"/>
    <property name="java.vm.version" value="17.0.7+8-LTS-224"/>
    <property name="sun.boot.library.path" value="C:\Program Files\Java\jdk-17\bin"/>
    <property name="maven.multiModuleProjectDirectory" value="D:\IT\PROJECTS\XYZBank"/>
    <property name="java.vm.vendor" value="Oracle Corporation"/>
    <property name="java.vendor.url" value="https://java.oracle.com/"/>
    <property name="guice.disable.misplaced.annotation.check" value="true"/>
    <property name="path.separator" value=";"/>
    <property name="java.vm.name" value="Java HotSpot(TM) 64-Bit Server VM"/>
    <property name="sun.os.patch.level" value=""/>
    <property name="user.script" value=""/>
    <property name="user.country" value="US"/>
    <property name="sun.java.launcher" value="SUN_STANDARD"/>
    <property name="java.vm.specification.name" value="Java Virtual Machine Specification"/>
    <property name="user.dir" value="D:\IT\PROJECTS\XYZBank"/>
    <property name="java.vm.compressedOopsMode" value="Zero based"/>
    <property name="java.runtime.version" value="17.0.7+8-LTS-224"/>
    <property name="os.arch" value="amd64"/>
    <property name="java.io.tmpdir" value="C:\Users\alexa\AppData\Local\Temp\"/>
    <property name="line.separator" value="
"/>
    <property name="java.vm.specification.vendor" value="Oracle Corporation"/>
    <property name="user.variant" value=""/>
    <property name="os.name" value="Windows 10"/>
    <property name="classworlds.conf" value="C:\Program Files\Dev_Programs\apache-maven-3.9.1\bin\m2.conf"/>
    <property name="sun.jnu.encoding" value="Cp1252"/>
    <property name="java.library.path" value="C:\Program Files\Java\jdk-17\bin;C:\Windows\Sun\Java\bin;C:\Windows\system32;C:\Windows;C:\Python312\Scripts\;C:\Python312\;C:\Windows\system32;C:\Windows;C:\Windows\System32\Wbem;C:\Windows\System32\WindowsPowerShell\v1.0\;C:\Windows\System32\OpenSSH\;C:\Program Files\Dev_Programs\apache-maven-3.9.1\bin;C:\Program Files\Java\jdk-17\bin;C:\ProgramData\chocolatey\bin;C:\Program Files (x86)\Windows Kits\10\Windows Performance Toolkit\;C:\Program Files\Git\cmd;C:\Program Files\nodejs\;C:\Program Files\MySQL\MySQL Shell 8.0\bin\;C:\Users\alexa\AppData\Local\Microsoft\WindowsApps;C:\Users\alexa\AppData\Local\Programs\Microsoft VS Code\bin;C:\Program Files\JetBrains\IntelliJ IDEA Community Edition 2023.1\bin;;C:\Users\alexa\AppData\Roaming\npm;."/>
    <property name="maven.conf" value="C:\Program Files\Dev_Programs\apache-maven-3.9.1/conf"/>
    <property name="jdk.debug" value="release"/>
    <property name="java.class.version" value="61.0"/>
    <property name="java.specification.name" value="Java Platform API Specification"/>
    <property name="sun.management.compiler" value="HotSpot 64-Bit Tiered Compilers"/>
    <property name="os.version" value="10.0"/>
    <property name="library.jansi.path" value="C:\Program Files\Dev_Programs\apache-maven-3.9.1\lib\jansi-native"/>
    <property name="user.home" value="C:\Users\alexa"/>
    <property name="user.timezone" value="Europe/Bucharest"/>
    <property name="file.encoding" value="Cp1252"/>
    <property name="java.specification.version" value="17"/>
    <property name="user.name" value="alexa"/>
    <property name="java.class.path" value="C:\Program Files\Dev_Programs\apache-maven-3.9.1\boot\plexus-classworlds-2.6.0.jar"/>
    <property name="java.vm.specification.version" value="17"/>
    <property name="sun.arch.data.model" value="64"/>
    <property name="sun.java.command" value="org.codehaus.plexus.classworlds.launcher.Launcher clean install"/>
    <property name="java.home" value="C:\Program Files\Java\jdk-17"/>
    <property name="user.language" value="en"/>
    <property name="java.specification.vendor" value="Oracle Corporation"/>
    <property name="java.vm.info" value="mixed mode, sharing"/>
    <property name="java.version" value="17.0.7"/>
    <property name="native.encoding" value="Cp1252"/>
    <property name="java.vendor" value="Oracle Corporation"/>
    <property name="sun.stderr.encoding" value="cp437"/>
    <property name="maven.home" value="C:\Program Files\Dev_Programs\apache-maven-3.9.1"/>
    <property name="file.separator" value="\"/>
    <property name="java.version.date" value="2023-04-18"/>
    <property name="java.vendor.url.bug" value="https://bugreport.java.com/bugreport/"/>
    <property name="sun.io.unicode.encoding" value="UnicodeLittle"/>
    <property name="sun.cpu.endian" value="little"/>
    <property name="sun.stdout.encoding" value="cp437"/>
    <property name="sun.cpu.isalist" value="amd64"/>
  </properties>
  <testcase classname="tests.bankManager.addCustomer.invalidScenariosAddCustomer.AllFieldsEmptyTest" name="allFieldsEmpty" time="1.172"/>
  <testcase classname="tests.bankManager.addCustomer.invalidScenariosAddCustomer.BlankSpaceFirstNameTest" name="blankSpaceFirstName" time="1.282"/>
  <testcase classname="tests.bankManager.addCustomer.invalidScenariosAddCustomer.BlankSpaceLastNameTest" name="blankSpaceLastName" time="1.292"/>
  <testcase classname="tests.bankManager.addCustomer.invalidScenariosAddCustomer.BlankSpacePostCodeTest" name="blankSpacePostCode" time="1.302"/>
  <testcase classname="tests.bankManager.addCustomer.invalidScenariosAddCustomer.FirstNameEmptyTest" name="firstNameEmpty" time="1.25"/>
  <testcase classname="tests.bankManager.addCustomer.invalidScenariosAddCustomer.LastNameEmptyTest" name="lastNameEmpty" time="1.256"/>
  <testcase classname="tests.bankManager.addCustomer.invalidScenariosAddCustomer.MultipleInputSpaceTest" name="multipleInputSpace" time="1.589"/>
  <testcase classname="tests.bankManager.addCustomer.invalidScenariosAddCustomer.PostCodeEmptyTest" name="postCodeEmpty" time="1.243"/>
  <testcase classname="tests.bankManager.addCustomer.validScenariosAddCustomer.AllTypeOfCharsTest" name="allTypeOfCharsTest" time="1.566"/>
  <testcase classname="tests.bankManager.addCustomer.validScenariosAddCustomer.MaximumLengthTest" name="maximumLengthOfChars" time="1.584"/>
  <testcase classname="tests.bankManager.addCustomer.validScenariosAddCustomer.MinimumLengthTest" name="minimumLengthOfChars" time="1.557"/>
  <testcase classname="tests.bankManager.addCustomer.validScenariosAddCustomer.OneInputSpaceTest" name="oneInputSpace" time="1.566"/>
</testsuite>