<?xml version="1.0" encoding="UTF-8"?>
<!-- Generated by org.testng.reporters.JUnitReportReporter -->
<testsuite hostname="Alex" failures="0" tests="1" name="tests.CreateCustomerTest" time="6.466" errors="0" timestamp="2024-11-20T02:30:01 EET" skipped="0">
  <testcase classname="tests.CreateCustomerTest" name="createCustomer" time="6.466"/>
</testsuite> <!-- tests.CreateCustomerTest -->
