<?xml version="1.0" encoding="UTF-8"?>
<!-- Generated by org.testng.reporters.JUnitReportReporter -->
<testsuite hostname="DESKTOP-8TPETFG" failures="0" tests="1" name="tests.bankManager.addCustomer.invalidScenariosAddCustomer.AllFieldsEmptyTest" time="5.722" errors="0" timestamp="2025-01-17T13:34:23 EET" skipped="0">
  <testcase classname="tests.bankManager.addCustomer.invalidScenariosAddCustomer.AllFieldsEmptyTest" name="allFieldsEmpty" time="5.722"/>
</testsuite> <!-- tests.bankManager.addCustomer.invalidScenariosAddCustomer.AllFieldsEmptyTest -->
