<?xml version="1.0" encoding="UTF-8"?>
<!-- Generated by org.testng.reporters.JUnitReportReporter -->
<testsuite hostname="Alex" failures="0" tests="1" name="tests.SmokeTest" time="25.876" errors="0" timestamp="2024-11-20T02:24:27 EET" skipped="0">
  <testcase classname="tests.SmokeTest" name="smoke" time="25.876"/>
</testsuite> <!-- tests.SmokeTest -->
