<?xml version="1.0" encoding="UTF-8"?>
<!-- Generated by org.testng.reporters.JUnitReportReporter -->
<testsuite hostname="DESKTOP-8TPETFG" failures="0" tests="1" name="tests.bankManager.addCustomer.validScenariosAddCustomer.AllTypeOfCharsTest" time="3.151" errors="0" timestamp="2025-01-17T12:52:07 EET" skipped="0">
  <testcase classname="tests.bankManager.addCustomer.validScenariosAddCustomer.AllTypeOfCharsTest" name="allTypeOfCharsTest" time="3.151"/>
</testsuite> <!-- tests.bankManager.addCustomer.validScenariosAddCustomer.AllTypeOfCharsTest -->
