<?xml version="1.0" encoding="UTF-8"?>
<!-- Generated by org.testng.reporters.JUnitReportReporter -->
<testsuite hostname="DESKTOP-8TPETFG" failures="0" tests="1" name="tests.bankManager.addCustomer.invalidScenariosAddCustomer.PostCodeEmptyTest" time="4.372" errors="0" timestamp="2025-01-17T13:34:23 EET" skipped="0">
  <testcase classname="tests.bankManager.addCustomer.invalidScenariosAddCustomer.PostCodeEmptyTest" name="postCodeEmpty" time="4.372"/>
</testsuite> <!-- tests.bankManager.addCustomer.invalidScenariosAddCustomer.PostCodeEmptyTest -->
