<?xml version="1.0" encoding="UTF-8"?>
<!-- Generated by org.testng.reporters.JUnitReportReporter -->
<testsuite hostname="DESKTOP-8TPETFG" failures="0" tests="1" name="tests.bankManager.addCustomer.invalidScenariosAddCustomer.FirstNameEmptyTest" time="4.195" errors="0" timestamp="2025-01-17T13:34:23 EET" skipped="0">
  <testcase classname="tests.bankManager.addCustomer.invalidScenariosAddCustomer.FirstNameEmptyTest" name="firstNameEmpty" time="4.195"/>
</testsuite> <!-- tests.bankManager.addCustomer.invalidScenariosAddCustomer.FirstNameEmptyTest -->
