<?xml version="1.0" encoding="UTF-8"?>
<!-- Generated by org.testng.reporters.JUnitReportReporter -->
<testsuite hostname="DESKTOP-8TPETFG" failures="0" tests="1" name="tests.SmokeTest" time="23.136" errors="0" timestamp="2024-11-09T23:33:13 EET" skipped="0">
  <testcase classname="tests.SmokeTest" name="smoke" time="23.136"/>
</testsuite> <!-- tests.SmokeTest -->
