<?xml version="1.0" encoding="UTF-8"?>
<!-- Generated by org.testng.reporters.JUnitReportReporter -->
<testsuite hostname="DESKTOP-8TPETFG" failures="0" tests="1" name="tests.bankManager.addCustomer.invalidScenariosAddCustomer.MultipleInputSpaceTest" time="4.668" errors="0" timestamp="2025-01-17T13:34:23 EET" skipped="0">
  <testcase classname="tests.bankManager.addCustomer.invalidScenariosAddCustomer.MultipleInputSpaceTest" name="multipleInputSpace" time="4.668"/>
</testsuite> <!-- tests.bankManager.addCustomer.invalidScenariosAddCustomer.MultipleInputSpaceTest -->
