<?xml version="1.0" encoding="UTF-8"?>
<!-- Generated by org.testng.reporters.JUnitReportReporter -->
<testsuite hostname="Alex" failures="0" tests="1" name="tests.bankManager.addCustomer.validScenariosAddCustomer.MinimumLengthTest" time="5.774" errors="0" timestamp="2025-01-01T13:59:30 EET" skipped="0">
  <testcase classname="tests.bankManager.addCustomer.validScenariosAddCustomer.MinimumLengthTest" name="minimumLengthOfChars" time="5.774"/>
</testsuite> <!-- tests.bankManager.addCustomer.validScenariosAddCustomer.MinimumLengthTest -->
