<?xml version="1.0" encoding="UTF-8"?>
<!-- Generated by org.testng.reporters.JUnitReportReporter -->
<testsuite hostname="DESKTOP-8TPETFG" failures="0" tests="1" name="tests.bankManager.addCustomer.invalidScenariosAddCustomer.BlankSpaceFirstNameTest" time="3.277" errors="0" timestamp="2025-01-17T12:52:07 EET" skipped="0">
  <testcase classname="tests.bankManager.addCustomer.invalidScenariosAddCustomer.BlankSpaceFirstNameTest" name="blankSpaceFirstName" time="3.277"/>
</testsuite> <!-- tests.bankManager.addCustomer.invalidScenariosAddCustomer.BlankSpaceFirstNameTest -->
